VOID Test CodeGen
 %SUMMARY %SUM
  ' “ут будем тестировать построение сначала мета-модели, потом модели, а потом и кодогенерации '
 ; // %SUMMARY %SUM
 
 IMMEDIATE VOID StereotypeStereotypeProducer <<@meta>>
  %SUMMARY %SUM
   ' ќпредел€ем базовый элемент мета-модели “от самый который позвол€ет тащить всЄ остальное "за волосы из болота" „ерез этот примитив вывод€тс€ все остальные '
  ; // %SUMMARY %SUM
  
  ^L IN aName
  aName
  |N
  <<@meta>>
  DefineStereotypeProducer
  EXIT
 ; // IMMEDIATE VOID StereotypeStereotypeProducer <<@meta>>
 
 IMMEDIATE VOID <<@meta>> <<UMLCategory>>
  %SUMMARY %SUM
   '  атегори€ в терминах UML '
  ; // %SUMMARY %SUM
  
  ^L IN aName
  aName
  |N
  <<UMLCategory>>
  DefineStereo
  EXIT
 ; // IMMEDIATE VOID <<@meta>> <<UMLCategory>>
 
 CodeGen
 DumpElement
; // VOID Test CodeGen

