[ TkwCompiledProcedure 0 0 ]
[ TkwCompiledProcedure 0 0 ]
[ TkwCompiledProcedure 1 1 ]
[ TkwCompiledProcedure 2 2 ]
[ TkwCompiledProcedure 2 2 ]
[ TkwCompiledProcedure 3 3 ]
[ TkwCompiledProcedure -1 -1 ]
[ TkwCompiledProcedure 1 1 ]
[ TkwCompiledProcedure -2 -2 ]
[ TkwCompiledProcedure -1 -1 ]
0
0
1
2
2
3
-1
1
-2
-1
0
0
1
2
2
3
-1
1
-2
-1
TkwCompiledProcedure
TkwCompiledProcedure
TkwCompiledProcedure
TkwCompiledProcedure
TkwCompiledProcedure
TkwCompiledProcedure
TkwCompiledProcedure
TkwCompiledProcedure
TkwCompiledProcedure
TkwCompiledProcedure
_Point_
_Point_
_Point_
_Point_
_Point_
_Point_
_Point_
_Point_
_Point_
_Point_
Hello world
Hello world
Hello world
3
30
-10
-10
10
VOID Test PointTest
 class_impl _Object_
 ; // class_impl _Object_
 
 class_impl _Point_
 ; // class_impl _Point_
 
 INTEGER CONST c:Object:Instance:Size
  1
 INTEGER CONST c:Object:Offset:VMT
  0
 INTEGER CONST c:Point:Instance:Size
  3
 INTEGER CONST c:Point:Offset:X
  1
 INTEGER CONST c:Point:Offset:Y
  2
 IMMEDIATE VOID OPERATOR class
  ^L IN aName
  aName
  |N
  >>>
  g_CurrentClass
  ':'
  Ctx:Parser:PushSymbol
  @
  class_impl
  Ctx:SetWordProducerForCompiledClass
  [
   '_'
   g_CurrentClass
   '_'
  ]
  strings:Cat
  >>>
  g_CurrentClassImpl
  g_CurrentClassImpl
  Ctx:Parser:PushSymbol
  ';'
  Ctx:Parser:PushSymbol
  'array'
  Ctx:Parser:PushSymbol
  'type'
  Ctx:Parser:PushSymbol
  g_CurrentClass
  Ctx:Parser:PushSymbol
 ; // IMMEDIATE VOID OPERATOR class
 
 IMMEDIATE VOID OPERATOR class_impl
 ; // IMMEDIATE VOID OPERATOR class_impl
 
 IMMEDIATE VOID OPERATOR ClassFieldOffset
  ^ IN _anOffset
  ^L IN aName
  ^ IN _anOffset
  _anOffset |^
  >>>
  g_ClassFieldOffset
  'private'
  Ctx:Parser:PushSymbol
  'Const'
  Ctx:Parser:PushSymbol
  [
   'c:'
   g_CurrentClass
   ':Offset:'
   aName
   |N
  ]
  strings:Cat
  Ctx:Parser:PushSymbol
  g_ClassFieldOffset
  Ctx:Parser:PushInt
 ; // IMMEDIATE VOID OPERATOR ClassFieldOffset
 
 IMMEDIATE VOID OPERATOR ClassInstanceSize
  'private'
  Ctx:Parser:PushSymbol
  'Const'
  Ctx:Parser:PushSymbol
  [
   'c:'
   g_CurrentClass
   ':Instance:Size'
  ]
  strings:Cat
  Ctx:Parser:PushSymbol
  g_ClassFieldOffset
  ++
  Ctx:Parser:PushInt
 ; // IMMEDIATE VOID OPERATOR ClassInstanceSize
 
 IMMEDIATE VOID OPERATOR constructor
  ^L IN aName
  constructor
  Ctx:SetWordProducerForCompiledClass
  g_CurrentClass
  Ctx:Parser:PushSymbol
  ':'
  Ctx:Parser:PushSymbol
  aName
  |N
  Ctx:Parser:PushSymbol
 ; // IMMEDIATE VOID OPERATOR constructor
 
 : FieldByOffset
  ^ IN _anOffset
  ^ IN _anOffset
  Object IN Self
  _anOffset |^
  Self
  Array:GetItem
 ; // : FieldByOffset
 
 IMMEDIATE VOID TYPE FieldOffset
  TtfwValueTypes
  Ctx:IncludeValueTypes
 ; // IMMEDIATE VOID TYPE FieldOffset
 
 INTEGER VAR g_ClassFieldOffset
 STRING VAR g_CurrentClass
 STRING VAR g_CurrentClassImpl
 ARRAY VAR l_Points
 IMMEDIATE VOID OPERATOR method
  ^L IN aName
  method
  Ctx:SetWordProducerForCompiledClass
  ':'
  Ctx:Parser:PushSymbol
  aName
  |N
  Ctx:Parser:PushSymbol
  g_CurrentClass
  Ctx:Parser:PushSymbol
  'in'
  Ctx:Parser:PushSymbol
  'Self'
  Ctx:Parser:PushSymbol
 ; // IMMEDIATE VOID OPERATOR method
 
 IMMEDIATE VOID OPERATOR new[
  '['
  Ctx:Parser:PushSymbol
  '@'
  Ctx:Parser:PushSymbol
  g_CurrentClassImpl
  Ctx:Parser:PushSymbol
 ; // IMMEDIATE VOID OPERATOR new[
 
 IMMEDIATE VOID TYPE Object
  TtfwValueTypes
  Ctx:IncludeValueTypes
 ; // IMMEDIATE VOID TYPE Object
 
 TtfwWord readonly Object:class
  Object IN Self
  Self
  FieldByOffset
  c:Object:Offset:VMT
  >>>
  Result
 ; // TtfwWord readonly Object:class
 
 STRING readonly Object:ClassName
  Object IN Self
  Self
  Object:class
  |N
  >>>
  Result
 ; // STRING readonly Object:ClassName
 
 Point VAR P1
 Point VAR P10
 Point VAR P2
 Point VAR P3
 Point VAR P4
 Point VAR P5
 Point VAR P6
 Point VAR P7
 Point VAR P8
 Point VAR P9
 IMMEDIATE VOID TYPE Pixel
  TtfwValueTypes
  Ctx:IncludeValueTypes
 ; // IMMEDIATE VOID TYPE Pixel
 
 IMMEDIATE VOID TYPE PixelList
  TtfwValueTypes
  Ctx:IncludeValueTypes
 ; // IMMEDIATE VOID TYPE PixelList
 
 IMMEDIATE VOID TYPE Point
  TtfwValueTypes
  Ctx:IncludeValueTypes
 ; // IMMEDIATE VOID TYPE Point
 
 Point constructor Point:
  ^ IN _aX
  ^ IN _aY
  ^ IN _aX
  ^ IN _aY
  [
   @
   _Point_
   _aX |^
   _aY |^
  ]
  >>>
  Result
 ; // Point constructor Point:
 
 Point method Point:-
  ^ IN _aPoint
  ^ IN _aPoint
  Point IN Self
  Point:OF
  (
   Self
   Point:+
   (
    _aPoint |^
    Point:Neg
   )
  )
  >>>
  Result
 ; // Point method Point:-
 
 Point method Point:+
  ^ IN _aPoint
  ^ IN _aPoint
  Point IN Self
  Point:
  (
   (
    Self
    Point:X
   )
   (+)
   (
    _aPoint |^
    Point:X
   )
  )
  (
   (
    Self
    Point:Y
   )
   (+)
   (
    _aPoint |^
    Point:Y
   )
  )
  >>>
  Result
 ; // Point method Point:+
 
 Point constructor Point:0
  Point:
  0
  0
  >>>
  Result
 ; // Point constructor Point:0
 
 Point method Point:Neg
  Point IN Self
  Point:
  Neg
  (
   Self
   Point:X
  )
  Neg
  (
   Self
   Point:Y
  )
  >>>
  Result
 ; // Point method Point:Neg
 
 Point constructor Point:OF
  ^ IN _aPoint
  ^ IN _aPoint
  Point:
  (
   _aPoint |^
   Point:X
  )
  (
   _aPoint |^
   Point:Y
  )
  >>>
  Result
 ; // Point constructor Point:OF
 
 VOID method Point:Print
  Point IN Self
  Self
  .
 ; // VOID method Point:Print
 
 Pixel readonly Point:X
  Point IN Self
  Self
  FieldByOffset
  c:Point:Offset:X
  >>>
  Result
 ; // Pixel readonly Point:X
 
 Point constructor Point:XY
  ^ IN _aPoint
  ^ IN _aPoint
  ARRAY VAR Points
  [
   _aPoint |@
   DO
  ]
  >>>
  Points
  Point:
  (
   Points
   FieldByOffset
   0
  )
  (
   Points
   FieldByOffset
   1
  )
  >>>
  Result
 ; // Point constructor Point:XY
 
 Pixel readonly Point:Y
  Point IN Self
  Self
  FieldByOffset
  c:Point:Offset:Y
  >>>
  Result
 ; // Pixel readonly Point:Y
 
 IMMEDIATE VOID OPERATOR readonly
  ^L IN aName
  readonly
  Ctx:SetWordProducerForCompiledClass
  ':'
  Ctx:Parser:PushSymbol
  aName
  |N
  Ctx:Parser:PushSymbol
  g_CurrentClass
  Ctx:Parser:PushSymbol
  'in'
  Ctx:Parser:PushSymbol
  'Self'
  Ctx:Parser:PushSymbol
 ; // IMMEDIATE VOID OPERATOR readonly
 
 g_CurrentClass :=
 ''
 g_CurrentClassImpl :=
 ''
 g_ClassFieldOffset :=
 0
 P1 :=
 Point:0
 P2 :=
 Point:0
 P3 :=
 Point:
 1
 1
 P4 :=
 Point:XY
 (
  2
  2
 )
 P5 :=
 Point:OF
 P4
 P6 :=
 (
  P3
  Point:+
  P4
 )
 P7 :=
 (
  P3
  Point:-
  P4
 )
 P8 :=
 (
  P4
  Point:-
  P3
 )
 P9 :=
 (
  P4
  Point:Neg
 )
 P10 :=
 (
  P3
  Point:Neg
 )
 [
  P1
  P2
  P3
  P4
  P5
  P6
  P7
  P8
  P9
  P10
 ]
 >>>
 l_Points
 for
 l_Points
 Point:Print
 for
 l_Points
 (
  Point:X
  .
 )
 for
 l_Points
 (
  Point:Y
  .
 )
 for
 l_Points
 (
  Object:class
  .
 )
 for
 l_Points
 (
  Object:ClassName
  .
 )
 'Hello '
 (+)
 'world'
 .
 'Hello '
 (+)
 'world'
 .
 'Hello '
 (+)
 'world'
 .
 1
 (+)
 2
 .
 10
 (+)
 20
 .
 0
 (-)
 10
 .
 Neg
 10
 .
 Neg
 -10
 .
 PointTest
 DumpElement
; // VOID Test PointTest

