( X: 0, Y: 0 )
( X: 0, Y: 0 )
( X: 0, Y: 0 )
( X: 1, Y: 1 )
( X: 2, Y: 2 )
( X: 2, Y: 2 )
( X: 3, Y: 3 )
( X: -1, Y: -1 )
( X: 1, Y: 1 )
( X: -2, Y: -2 )
( X: -1, Y: -1 )
0
0
1
2
2
3
-1
1
-2
-1
0
0
1
2
2
3
-1
1
-2
-1
TkwCompiledProcedure
TkwCompiledProcedure
TkwCompiledProcedure
TkwCompiledProcedure
TkwCompiledProcedure
TkwCompiledProcedure
TkwCompiledProcedure
TkwCompiledProcedure
TkwCompiledProcedure
TkwCompiledProcedure
Point
Point
Point
Point
Point
Point
Point
Point
Point
Point
Ошибка выполнения: "Ошибка при получении параметра aWord: TtfwWord : Тип значения tfw_vtStr несовместим с tfw_vtObj". Главный файл: Point83.ms.script. Класс: TkwDoWord. Слово: DO
