[ 0 0 ]
[ 0 0 ]
[ 1 1 ]
[ 2 2 ]
[ 2 2 ]
[ 3 3 ]
[ -1 -1 ]
[ 1 1 ]
[ -2 -2 ]
[ -1 -1 ]
0
0
1
2
2
3
-1
1
-2
-1
0
0
1
2
2
3
-1
1
-2
-1
Hello world
Hello world
Hello world
3
30
-10
VOID Test PointTest
 class_impl _Object_
 ; // class_impl _Object_
 
 class_impl _Point_
 ; // class_impl _Point_
 
 INTEGER CONST c:Point:CoordCount
  2
 INTEGER CONST c:Point:Offset:X
  0
 INTEGER CONST c:Point:Offset:Y
  1
 IMMEDIATE VOID OPERATOR class
  ^L IN aName
  ':'
  Ctx:Parser:PushSymbol
  @
  class_impl
  Ctx:SetWordProducerForCompiledClass
  [
   '_'
   aName
   |N
   '_'
  ]
  strings:Cat
  Ctx:Parser:PushSymbol
  ';'
  Ctx:Parser:PushSymbol
  'array'
  Ctx:Parser:PushSymbol
  'type'
  Ctx:Parser:PushSymbol
  aName
  |N
  Ctx:Parser:PushSymbol
 ; // IMMEDIATE VOID OPERATOR class
 
 IMMEDIATE VOID OPERATOR class_impl
 ; // IMMEDIATE VOID OPERATOR class_impl
 
 IMMEDIATE VOID OPERATOR constructor
  ^L IN aName
  constructor
  Ctx:SetWordProducerForCompiledClass
  ':'
  Ctx:Parser:PushSymbol
  aName
  |N
  Ctx:Parser:PushSymbol
 ; // IMMEDIATE VOID OPERATOR constructor
 
 : FieldByOffset
  ^ IN anOffset
  Object IN Self
  anOffset |^
  Self
  Array:Item
 ; // : FieldByOffset
 
 IMMEDIATE VOID TYPE FieldOffset
  TtfwValueTypes
  Ctx:IncludeValueTypes
 ; // IMMEDIATE VOID TYPE FieldOffset
 
 IMMEDIATE VOID OPERATOR method
  ^L IN aName
  method
  Ctx:SetWordProducerForCompiledClass
  ':'
  Ctx:Parser:PushSymbol
  aName
  |N
  Ctx:Parser:PushSymbol
 ; // IMMEDIATE VOID OPERATOR method
 
 IMMEDIATE VOID TYPE Object
  TtfwValueTypes
  Ctx:IncludeValueTypes
 ; // IMMEDIATE VOID TYPE Object
 
 Point VAR P1
 Point VAR P10
 Point VAR P2
 Point VAR P3
 Point VAR P4
 Point VAR P5
 Point VAR P6
 Point VAR P7
 Point VAR P8
 Point VAR P9
 IMMEDIATE VOID TYPE Pixel
  TtfwValueTypes
  Ctx:IncludeValueTypes
 ; // IMMEDIATE VOID TYPE Pixel
 
 IMMEDIATE VOID TYPE PixelList
  TtfwValueTypes
  Ctx:IncludeValueTypes
 ; // IMMEDIATE VOID TYPE PixelList
 
 IMMEDIATE VOID TYPE Point
  TtfwValueTypes
  Ctx:IncludeValueTypes
 ; // IMMEDIATE VOID TYPE Point
 
 Point constructor Point:
  ^ IN aX
  ^ IN aY
  [
   aX |^
   aY |^
  ]
  Result
  pop:Word:SetValue
 ; // Point constructor Point:
 
 Point method Point:-
  ^ IN aPoint
  FieldOffset VAR i
  Point IN Self
  0
  i
  pop:Word:SetValuePrim
  [
   (
    aPoint |@
    DO
   )
   DO
   (
    Pixel IN aPx
    (
     Self
     FieldByOffset
     i
    )
    (-)
    aPx
    INC
    i
   )
   SWAP
   Array:Iterate
  ]
  Result
  pop:Word:SetValue
 ; // Point method Point:-
 
 Point method Point:+
  ^ IN aPoint
  FieldOffset VAR i
  Point IN Self
  0
  i
  pop:Word:SetValuePrim
  [
   (
    aPoint |@
    DO
   )
   DO
   (
    Pixel IN aPx
    (
     Self
     FieldByOffset
     i
    )
    (+)
    aPx
    INC
    i
   )
   SWAP
   Array:Iterate
  ]
  Result
  pop:Word:SetValue
 ; // Point method Point:+
 
 Point constructor Point:0
  [
   0
   0
  ]
  Result
  pop:Word:SetValue
 ; // Point constructor Point:0
 
 Point method Point:Neg
  Point IN Self
  Point:
  (
   0
   (-)
   (
    Self
    Point:X
   )
  )
  (
   0
   (-)
   (
    Self
    Point:Y
   )
  )
  Result
  pop:Word:SetValue
 ; // Point method Point:Neg
 
 Point constructor Point:OF
  ^ IN aPoint
  [
   (
    aPoint |@
    DO
   )
   DO
   (
    Pixel IN aPx
    aPx
   )
   SWAP
   Array:Iterate
  ]
  Result
  pop:Word:SetValue
  (
   Result
   Array:Count
   =
   c:Point:CoordCount
  )
  ?ASSURE
  '“очка должна содержать две координаты'
 ; // Point constructor Point:OF
 
 VOID method Point:Print
  Point IN aPoint
  aPoint
  .
 ; // VOID method Point:Print
 
 Pixel readonly Point:X
  Point IN Self
  Self
  FieldByOffset
  c:Point:Offset:X
  Result
  pop:Word:SetValue
 ; // Pixel readonly Point:X
 
 Point constructor Point:XY
  ^ IN aPoint
  [
   aPoint |@
   DO
  ]
  Result
  pop:Word:SetValue
  (
   Result
   Array:Count
   =
   c:Point:CoordCount
  )
  ?ASSURE
  '“очка должна содержать две координаты'
 ; // Point constructor Point:XY
 
 Pixel readonly Point:Y
  Point IN Self
  Self
  FieldByOffset
  c:Point:Offset:Y
  Result
  pop:Word:SetValue
 ; // Pixel readonly Point:Y
 
 IMMEDIATE VOID OPERATOR readonly
  ^L IN aName
  readonly
  Ctx:SetWordProducerForCompiledClass
  ':'
  Ctx:Parser:PushSymbol
  aName
  |N
  Ctx:Parser:PushSymbol
 ; // IMMEDIATE VOID OPERATOR readonly
 
 Point:0
 P1
 pop:Word:SetValuePrim
 Point:0
 P2
 pop:Word:SetValuePrim
 Point:
 1
 1
 P3
 pop:Word:SetValuePrim
 Point:XY
 (
  2
  2
 )
 P4
 pop:Word:SetValuePrim
 Point:OF
 P4
 P5
 pop:Word:SetValuePrim
 (
  P3
  Point:+
  P4
 )
 P6
 pop:Word:SetValue
 (
  P3
  Point:-
  P4
 )
 P7
 pop:Word:SetValue
 (
  P4
  Point:-
  P3
 )
 P8
 pop:Word:SetValue
 (
  P4
  Point:Neg
 )
 P9
 pop:Word:SetValue
 (
  P3
  Point:Neg
 )
 P10
 pop:Word:SetValue
 P1
 Point:Print
 P2
 Point:Print
 P3
 Point:Print
 P4
 Point:Print
 P5
 Point:Print
 P6
 Point:Print
 P7
 Point:Print
 P8
 Point:Print
 P9
 Point:Print
 P10
 Point:Print
 P1
 Point:X
 .
 P2
 Point:X
 .
 P3
 Point:X
 .
 P4
 Point:X
 .
 P5
 Point:X
 .
 P6
 Point:X
 .
 P7
 Point:X
 .
 P8
 Point:X
 .
 P9
 Point:X
 .
 P10
 Point:X
 .
 P1
 Point:Y
 .
 P2
 Point:Y
 .
 P3
 Point:Y
 .
 P4
 Point:Y
 .
 P5
 Point:Y
 .
 P6
 Point:Y
 .
 P7
 Point:Y
 .
 P8
 Point:Y
 .
 P9
 Point:Y
 .
 P10
 Point:Y
 .
 'Hello '
 (+)
 'world'
 .
 'Hello '
 (+)
 'world'
 .
 'Hello '
 (+)
 'world'
 .
 1
 (+)
 2
 .
 10
 (+)
 20
 .
 0
 (-)
 10
 .
 PointTest
 DumpElement
; // VOID Test PointTest

