Create object TmsRectangle
Create object TmsCircle
Create object TmsRoundedRectangle
Create object TmsUseCaseLikeEllipse
Create object TmsTriangle
Create object TmsTriangleDirectionRight
Create object TmsPointCircle
Create object TmsBlackRectangle
Create object TmsRemoveIcon
Create object TmsMoveIcon
Create object TmsTextShape
Create object TmsRealization
Create object TmsDependency
Create object TmsUsecase
Create object TmsArrowHead
Create object TmsUpLeftArrow
Create object TmsUpArrow
Create object TmsUpRightArrow
Create object TmsLeftArrow
Create object TmsRightArrow
Create object TmsDownLeftArrow
Create object TmsDownArrow
Create object TmsDownRightArrow
