Неосвобождено объектов: 0
TmsDownArrow Неосвобождено: 0 Максимально распределено: 2
TmsShapeClass Неосвобождено: 0 Максимально распределено: 48
TmsRectangleView Неосвобождено: 0 Максимально распределено: 1
TkwFindComponent Неосвобождено: 0 Максимально распределено: 1
TmsPaletteShapeCreator Неосвобождено: 0 Максимально распределено: 1
TmsConnector Неосвобождено: 0 Максимально распределено: 11
TmsScalingShape Неосвобождено: 0 Максимально распределено: 3
TmsCircleView Неосвобождено: 0 Максимально распределено: 1
TmsMoveIcon Неосвобождено: 0 Максимально распределено: 3
TmsUpLeftArrow Неосвобождено: 0 Максимально распределено: 1
TmsLeftArrow Неосвобождено: 0 Максимально распределено: 1
TmsPolygonShapeView Неосвобождено: 0 Максимально распределено: 1
TmsLineView Неосвобождено: 0 Максимально распределено: 1
TscriptWordExample1 Неосвобождено: 0 Максимально распределено: 1
TscriptWordExample2 Неосвобождено: 0 Максимально распределено: 1
TtestInstance Неосвобождено: 0 Максимально распределено: 1
TmsDiagramm Неосвобождено: 0 Максимально распределено: 1
TmsShapesGroup Неосвобождено: 0 Максимально распределено: 14
TmsRightArrow Неосвобождено: 0 Максимально распределено: 1
TmsMover Неосвобождено: 0 Максимально распределено: 1
TmsDownLeftArrow Неосвобождено: 0 Максимально распределено: 1
TmsUpRightArrow Неосвобождено: 0 Максимально распределено: 1
TmsTriangleDirectionRight Неосвобождено: 0 Максимально распределено: 1
TmsDiagramms Неосвобождено: 0 Максимально распределено: 1
TmsMoverView Неосвобождено: 0 Максимально распределено: 1
TmsPolylineShapeView Неосвобождено: 0 Максимально распределено: 1
TkwButtonClick Неосвобождено: 0 Максимально распределено: 1
TmsShapesList Неосвобождено: 0 Максимально распределено: 14
TmsDiagrammsHolder Неосвобождено: 0 Максимально распределено: 1
TmsScrollingToolView Неосвобождено: 0 Максимально распределено: 1
TmsActorView Неосвобождено: 0 Максимально распределено: 1
TmsPointedShape Неосвобождено: 0 Максимально распределено: 27
TmsUpArrow Неосвобождено: 0 Максимально распределено: 2
TmsArrowHead Неосвобождено: 0 Максимально распределено: 1
TmsShapesForToolbar Неосвобождено: 0 Максимально распределено: 1
TmsUtilityShapes Неосвобождено: 0 Максимально распределено: 1
TmsShapeCreator Неосвобождено: 0 Максимально распределено: 2
TmsSVGShape Неосвобождено: 0 Максимально распределено: 10
TmsDownRightArrow Неосвобождено: 0 Максимально распределено: 1
TmsProxyShapeClass Неосвобождено: 0 Максимально распределено: 45
TmsPaletteShape Неосвобождено: 0 Максимально распределено: 14
TmsTextShapeView Неосвобождено: 0 Максимально распределено: 1
TmsNotRegisteredShapes Неосвобождено: 0 Максимально распределено: 1
TmsRegisteredShapes Неосвобождено: 0 Максимально распределено: 1
TmsDiagrammsController Неосвобождено: 0 Максимально распределено: 1
