VOID TestWithDump CacheFunction.ms.script.test
 : A
 ; // : A
 
 : B
 ; // : B
 
 STRING FUNCTION X
  TtfwWord IN aWord
  aWord
  Result
  pop:Word:SetValue
 ; // STRING FUNCTION X
 
 CacheFunction.ms.script.test
 DumpElement
 @
 A
 X
 .
 @
 B
 X
 .
; // VOID TestWithDump CacheFunction.ms.script.test

CacheFunction.ms.script : Ошибка выполнения: "Неверный тип значения: tfw_vtObj TkwCompiledProcedure для типа STRING". Главный файл: CacheFunction.ms.script. Класс: TkwCompiledVar. Слово: Result Producer: X Parent: X
