i.LULIN-BOOK2     Script failed: GenerateUnit.ms.script
i.LULIN-BOOK2       [Stack #  0] CreateAndRaise
i.LULIN-BOOK2       [Stack #  1] BEGIN (Line 428, kwMain.script)
i.LULIN-BOOK2       [Stack #  2] if (Line 430, kwMain.script)
i.LULIN-BOOK2       [Stack #  3] OPERATOR private:ERROR (Line 424, kwMain.script)
i.LULIN-BOOK2       [Stack #  4] BEGIN (Line 464, kwMain.script)
i.LULIN-BOOK2       [Stack #  5] ? (Line 466, kwMain.script)
i.LULIN-BOOK2       [Stack #  6] OPERATOR ?FAIL (Line 460, kwMain.script)
i.LULIN-BOOK2       [Stack #  7] ?FAIL (Line 117, GenerateUnit.ms.script)
i.LULIN-BOOK2       [Stack #  8] PROCEDURE GenerateUnit (Line 110, GenerateUnit.ms.script)
i.LULIN-BOOK2       [Stack #  9] GenerateUnit (Line 149, GenerateUnit.ms.script)
i.LULIN-BOOK2       [Stack # 10] ( (Line 146, GenerateUnit.ms.script)
i.LULIN-BOOK2       [Stack # 11] DO
i.LULIN-BOOK2       [Stack # 12] : |^ (Line 25, core.ms.dict)
i.LULIN-BOOK2       [Stack # 13] |^ (Line 24, SaveVarAndDo.ms.dict)
i.LULIN-BOOK2       [Stack # 14] TRY (Line 23, SaveVarAndDo.ms.dict)
i.LULIN-BOOK2       [Stack # 15] (Line 27, SaveVarAndDo.ms.dict)
i.LULIN-BOOK2       [Stack # 16] PROCEDURE SaveVarAndDo (Line 10, SaveVarAndDo.ms.dict)
i.LULIN-BOOK2       [Stack # 17] SaveVarAndDo (Line 152, GenerateUnit.ms.script)
i.LULIN-BOOK2       [Stack # 18] TestWithDump GenerateUnitTest (Line 145, GenerateUnit.ms.script)
i.LULIN-BOOK2       [Stack # 19] (GenerateUnit.ms.script)
