VOID TestWithDump CallParentInheritedTest
 : A
  : X
   INTEGER IN aValue
   aValue
   1
   +
  ; // : X
  
 ; // : A
 
 : B
  : X
   INTEGER IN aValue
   aValue
   2
   +
   ^@ (
    A ::
    'X'
   )
   +
  ; // : X
  
 ; // : B
 
 CallParentInheritedTest
 DumpElement
 1
 A ::
 'X'
 .
 1
 B ::
 'X'
 .
; // VOID TestWithDump CallParentInheritedTest

2
CallParentInherited.ms.script : Ошибка выполнения: "Ошибка при получении параметра aA: TtfwStackValue : Стек пустой". Главный файл: CallParentInherited.ms.script. Класс: TkwAdd. Слово: +
