VOID TestWithDump CallInheritedTest
 : A
  INTEGER IN Self
  Self
  1
  +
 ; // : A
 
 : B
  Inherits %G
   A
  ; // Inherits %G
  
  INTEGER IN Self
  Self
  2
  +
  B
  DROP
  B
  .Inherited.Words
  (
   Self
   SWAP
   DO
  )
  SWAP
  Array:Iterate
  +
 ; // : B
 
 IMMEDIATE VOID MACRO call.inherited
  '@SELF'
  Ctx:Parser:PushSymbol
  axiom:PushSymbol
  DROP
  ARRAY [
   '@SELF .Inherited.Words .for> ( Self SWAP DO )'
  ]
  Ctx:Parser:PushArray
 ; // IMMEDIATE VOID MACRO call.inherited
 
 TtfwWord FUNCTION find.inherited
  TtfwWord IN Self
  nil
  Result
  pop:Word:SetValue
 ; // TtfwWord FUNCTION find.inherited
 
 CallInheritedTest
 DumpElement
 1
 A
 .
 1
 B
 .
; // VOID TestWithDump CallInheritedTest

2
5
