VOID TestWithDump DelegateToGen
 : .?
  ^L IN aName
 ; // : .?
 
 IMMEDIATE VOID MACRO [.?]
  ^ IN aName
  TtfwKeyWord VAR l_KeyWord
  STRING VAR l_Name
  aName
  DO
  l_Name
  pop:Word:SetValue
  l_Name
  Ctx:PushFinder
  pop:KeywordFinder:KeywordByName
  l_KeyWord
  pop:Word:SetValue
  if
   (
    l_KeyWord
    <>
    nil
   )
  then
   BEGIN
   END
  else
   BEGIN
   END
 ; // IMMEDIATE VOID MACRO [.?]
 
 : A
  1
 ; // : A
 
 TtfwWord VAR g_Gen
 : Gen
  : A
  ; // : A
  
 ; // : Gen
 
 DelegateToGen
 DumpElement
 @
 Gen
 g_Gen
 pop:Word:SetValue
 .?
 'A'
 A
 .
; // VOID TestWithDump DelegateToGen

1
