VOID TestWithDump GenerateUnitTest
 GenerateUnitTest
 DumpElement
 SaveVarAndDo
 g_OutedUnits
 (
  'Unit1'
  GenerateUnit
  (
   'test'
   GenerateClass
   'test'
   GenerateClass
  )
  NOP
  g_OutedClasses
  Print
  'Unit2'
  GenerateUnit
  NOP
  STRING (
   'test'
  )
  g_OutedClasses
  Print
  'Unit3'
  GenerateUnit
  NOP
  NOP
  'Unit4'
  GenerateUnit
  NOP
  NOP
  g_OutedUnits
  Print
 )
; // VOID TestWithDump GenerateUnitTest

H:\Dropbox\mindstream\Examples\Scripts\CodeGeneration1\GenerateUnit\Unit1.pas
: GenerateClass (Line 145, GenerateUnit.ms.script) |=> Класс test уже генерировался
