VOID TestWithDump ITTest
 IMMEDIATE VOID MACRO for
  %SUMMARY %SUM
   'Итерирует массив aList вызывая лямбду aWhatToDo'
  ; // %SUMMARY %SUM
  
  ^ IN aList
  ^ IN aWhatToDo
  aWhatToDo
  CompileRef
  aList
  CompileRef
  @
  DO
  CompileValue
  @
  Array:Iterate
  CompileValue
 ; // IMMEDIATE VOID MACRO for
 
 ITTest
 DumpElement
 [
  1
  2
  3
  4
  5
  6
  7
  8
  9
  10
 ]
 Print
 SWAP
 Array:Iterate
 Print
 [
  1
  2
  3
  4
  5
  6
  7
  8
  9
  10
 ]
 DO
 Array:Iterate
; // VOID TestWithDump ITTest

1
2
3
4
5
6
7
8
9
10
1
2
3
4
5
6
7
8
9
10
