VOID TestWithDump JoinTest
 JoinTest
 DumpElement
 [
  4
  5
 ]
 [
  1
  2
  3
 ]
 Array:Join
 .
 SWAP
 Array:Iterate
 [
  4
  5
 ]
 [
  1
  2
  3
 ]
 Array:Join
 .
 [
  4
  5
 ]
 [
  1
  2
  3
 ]
 Array:Join
 Array:Reverted
 .
 SWAP
 Array:Iterate
 [
  4
  5
 ]
 [
  1
  2
  3
 ]
 Array:Join
 Array:Reverted
 .
 '------'
 .
 [
  1
  2
  3
 ]
 .join>
 [
  4
  5
 ]
 .
 SWAP
 Array:Iterate
 [
  1
  2
  3
 ]
 .join>
 [
  4
  5
 ]
 .
 [
  1
  2
  3
 ]
 .join>
 [
  4
  5
 ]
 Array:Reverted
 .
 SWAP
 Array:Iterate
 [
  1
  2
  3
 ]
 .join>
 [
  4
  5
 ]
 Array:Reverted
 .
 '------'
 .
 [ 1 2 3 >join>
 [
  4
  5
 ]
 .
 SWAP
 Array:Iterate
 [ 1 2 3 >join>
 [
  4
  5
 ]
 .
 [ 1 2 3 >join>
 [
  4
  5
 ]
 Array:Reverted
 .
 SWAP
 Array:Iterate
 [ 1 2 3 >join>
 [
  4
  5
 ]
 Array:Reverted
 .
 '------'
 .
 [
  1
  2
  3
 ]
 .join>
 [
  4
  5
 ]
 .join>
 [
  6
  7
  8
  9
  10
 ]
 .
 SWAP
 Array:Iterate
 [
  1
  2
  3
 ]
 .join>
 [
  4
  5
 ]
 .join>
 [
  6
  7
  8
  9
  10
 ]
 .
 [
  1
  2
  3
 ]
 .join>
 [
  4
  5
 ]
 .join>
 [
  6
  7
  8
  9
  10
 ]
 Array:Reverted
 .
 SWAP
 Array:Iterate
 [
  1
  2
  3
 ]
 .join>
 [
  4
  5
 ]
 .join>
 [
  6
  7
  8
  9
  10
 ]
 Array:Reverted
 .
 '------'
 .
; // VOID TestWithDump JoinTest

1
2
3
4
5
[ 1 2 3 4 5 ]
5
4
3
2
1
[ 5 4 3 2 1 ]
------
1
2
3
4
5
[ 1 2 3 4 5 ]
5
4
3
2
1
[ 5 4 3 2 1 ]
------
1
2
3
4
5
[ 1 2 3 4 5 ]
5
4
3
2
1
[ 5 4 3 2 1 ]
------
1
2
3
4
5
6
7
8
9
10
[ 1 2 3 4 5 6 7 8 9 10 ]
10
9
8
7
6
5
4
3
2
1
[ 10 9 8 7 6 5 4 3 2 1 ]
------
