VOID TestWithDump MapTest
 BOOLEAN FUNCTION IsEven
  INTEGER IN aValue
  aValue
  2
  MOD
  0
  ==
  >>>
  Result
 ; // BOOLEAN FUNCTION IsEven
 
 MapTest
 DumpElement
 [
  1
  2
  3
  4
  5
  6
  7
  8
  9
  10
 ]
 .map>
 (
  1
  +
 )
 .
 SWAP
 Array:Iterate
 [
  1
  2
  3
  4
  5
  6
  7
  8
  9
  10
 ]
 .map>
 (
  1
  +
 )
 .
 [
  1
  2
  3
  4
  5
  6
  7
  8
  9
  10
 ]
 .map>
 (
  INTEGER IN anItem
  anItem
  IsEven
 )
 .
 SWAP
 Array:Iterate
 [
  1
  2
  3
  4
  5
  6
  7
  8
  9
  10
 ]
 .map>
 (
  INTEGER IN anItem
  anItem
  IsEven
 )
 .
 [
  1
  2
  3
  4
  5
  6
  7
  8
  9
  10
 ]
 .map>
 (
  INTEGER IN anItem
  if
   (
    anItem
    IsEven
   )
  then
   (
    anItem
   )
  else
   (
    anItem
    1
    +
   )
 )
 .
 SWAP
 Array:Iterate
 [
  1
  2
  3
  4
  5
  6
  7
  8
  9
  10
 ]
 .map>
 (
  INTEGER IN anItem
  if
   (
    anItem
    IsEven
   )
  then
   (
    anItem
   )
  else
   (
    anItem
    1
    +
   )
 )
 .
 [
  1
  2
  3
  4
  5
  6
  7
  8
  9
  10
 ]
 .slice>
 2
 .map>
 +
 .
 SWAP
 Array:Iterate
 [
  1
  2
  3
  4
  5
  6
  7
  8
  9
  10
 ]
 .slice>
 2
 .map>
 +
 .
; // VOID TestWithDump MapTest

2
3
4
5
6
7
8
9
10
11
[ 2 3 4 5 6 7 8 9 10 11 ]
False
True
False
True
False
True
False
True
False
True
[ False True False True False True False True False True ]
2
2
4
4
6
6
8
8
10
10
[ 2 2 4 4 6 6 8 8 10 10 ]
3
7
11
15
19
[ 3 7 11 15 19 ]
