VOID TestWithDump PointTest
 class_impl _:Point
  %CONSTRUCTORS %Constructors
   ':'
   '0'
   'XY'
   'OF'
  ; // %CONSTRUCTORS %Constructors
  
  %FIELDS %Flds
   'VMT'
   'X'
   'Y'
  ; // %FIELDS %Flds
  
  %INHERITS %G
   @
   _:Object
  ; // %INHERITS %G
  
  %METHODS %Methods
   '+'
   'Neg'
   '-'
   'ToPrintable'
   'Print'
  ; // %METHODS %Methods
  
  %PROPERTIES %Props
   'X'
   'Y'
  ; // %PROPERTIES %Props
  
 ; // class_impl _:Point
 
 class_impl _:Rectangle
  %CONSTRUCTORS %Constructors
   ':'
  ; // %CONSTRUCTORS %Constructors
  
  %FIELDS %Flds
   'VMT'
   'TopLeft'
   'BottomRight'
  ; // %FIELDS %Flds
  
  %INHERITS %G
   @
   _:Object
  ; // %INHERITS %G
  
  %METHODS %Methods
   'ToPrintable'
   'Print'
  ; // %METHODS %Methods
  
  %PROPERTIES %Props
   'TopLeft'
   'BottomRight'
  ; // %PROPERTIES %Props
  
 ; // class_impl _:Rectangle
 
 INTEGER CONST c:Point:Instance:Size
  3
 INTEGER CONST c:Point:Offset:VMT
  0
 INTEGER CONST c:Point:Offset:X
  1
 INTEGER CONST c:Point:Offset:Y
  2
 INTEGER CONST c:Rectangle:Instance:Size
  3
 INTEGER CONST c:Rectangle:Offset:BottomRight
  2
 INTEGER CONST c:Rectangle:Offset:TopLeft
  1
 INTEGER CONST c:Rectangle:Offset:VMT
  0
 ARRAY VAR l_Points
 ARRAY VAR l_Rectangles
 Object VAR O1
 Point VAR P1
 Point VAR P10
 Point VAR P11
 Point VAR P2
 Point VAR P3
 Point VAR P4
 Point VAR P5
 Point VAR P6
 Point VAR P7
 Point VAR P8
 Point VAR P9
 IMMEDIATE VOID TYPE Pixel
  TtfwValueTypes
  Ctx:IncludeValueTypes
 ; // IMMEDIATE VOID TYPE Pixel
 
 IMMEDIATE VOID TYPE PixelList
  TtfwValueTypes
  Ctx:IncludeValueTypes
 ; // IMMEDIATE VOID TYPE PixelList
 
 IMMEDIATE VOID OPERATOR Point
  TtfwValueTypes
  Ctx:IncludeValueTypes
 ; // IMMEDIATE VOID OPERATOR Point
 
 Point method Point:-
  ^ IN _aPoint
  IMMEDIATE VOID OPERATOR aPoint
   'Point'
   '_aPoint'
   MangledNamePusher
  ; // IMMEDIATE VOID OPERATOR aPoint
  
  Point IN Self
  Point:OF
  (
   Self
   Point:+
   (
    (
     _aPoint |^
    )
    Point:Neg
   )
  )
  Result
  pop:Word:SetValue
 ; // Point method Point:-
 
 Point constructor Point::
  ^ IN _aX
  ^ IN _aY
  IMMEDIATE VOID OPERATOR aX
   'Pixel'
   '_aX'
   MangledNamePusher
  ; // IMMEDIATE VOID OPERATOR aX
  
  IMMEDIATE VOID OPERATOR aY
   'Pixel'
   '_aY'
   MangledNamePusher
  ; // IMMEDIATE VOID OPERATOR aY
  
  [
   @
   _:Point
   (
    _aX |^
   )
   (
    _aY |^
   )
  ]
  Result
  pop:Word:SetValue
 ; // Point constructor Point::
 
 Point method Point:+
  ^ IN _aPoint
  IMMEDIATE VOID OPERATOR aPoint
   'Point'
   '_aPoint'
   MangledNamePusher
  ; // IMMEDIATE VOID OPERATOR aPoint
  
  Point IN Self
  Point::
  (
   Self
   Point:X
   (+)
   (
    (
     _aPoint |^
    )
    Point:X
   )
  )
  (
   Self
   Point:Y
   (+)
   (
    (
     _aPoint |^
    )
    Point:Y
   )
  )
  Result
  pop:Word:SetValue
 ; // Point method Point:+
 
 Point constructor Point:0
  Point::
  0
  0
  Result
  pop:Word:SetValue
 ; // Point constructor Point:0
 
 ObjectClass readonly Object:class
  Object IN Self
  Self
  FieldByOffset
  c:Object:Offset:VMT
  Result
  pop:Word:SetValue
 ; // ObjectClass readonly Object:class
 
 STRING readonly Object:ClassName
  Object IN Self
  Self
  Object:class
  ObjectClass:Name
  Result
  pop:Word:SetValue
 ; // STRING readonly Object:ClassName
 
 Point method Point:Neg
  Point IN Self
  Point::
  Neg
  (
   Self
   Point:X
  )
  Neg
  (
   Self
   Point:Y
  )
  Result
  pop:Word:SetValue
 ; // Point method Point:Neg
 
 Object constructor Object:new
  [
   @
   _:Object
  ]
  Result
  pop:Word:SetValue
 ; // Object constructor Object:new
 
 Point constructor Point:OF
  ^ IN _aPoint
  IMMEDIATE VOID OPERATOR aPoint
   'Point'
   '_aPoint'
   MangledNamePusher
  ; // IMMEDIATE VOID OPERATOR aPoint
  
  Point::
  (
   (
    _aPoint |^
   )
   Point:X
  )
  (
   (
    _aPoint |^
   )
   Point:Y
  )
  Result
  pop:Word:SetValue
 ; // Point constructor Point:OF
 
 REDIFINITION OVERRIDE VOID method Point:Print
  Point IN Self
  Self
  Point:ToPrintable
  Print
 ; // REDIFINITION OVERRIDE VOID method Point:Print
 
 REDIFINITION OVERRIDE STRING method Point:ToPrintable
  Point IN Self
  [
   '( '
   'X: '
   Self
   Point:X
   ToPrintable
   ', Y: '
   Self
   Point:Y
   ToPrintable
   ' )'
  ]
  strings:Cat
  Result
  pop:Word:SetValue
 ; // REDIFINITION OVERRIDE STRING method Point:ToPrintable
 
 Pixel readonly Point:X
  Point IN Self
  Self
  FieldByOffset
  c:Point:Offset:X
  Result
  pop:Word:SetValue
 ; // Pixel readonly Point:X
 
 Point constructor Point:XY
  ^ IN _aPoint
  IMMEDIATE VOID OPERATOR aPoint
   'PixelList'
   '_aPoint'
   MangledNamePusher
  ; // IMMEDIATE VOID OPERATOR aPoint
  
  ARRAY VAR Points
  [
   (
    _aPoint |^
   )
  ]
  Points
  pop:Word:SetValue
  Point::
  (
   Points
   FieldByOffset
   0
  )
  (
   Points
   FieldByOffset
   1
  )
  Result
  pop:Word:SetValue
 ; // Point constructor Point:XY
 
 Pixel readonly Point:Y
  Point IN Self
  Self
  FieldByOffset
  c:Point:Offset:Y
  Result
  pop:Word:SetValue
 ; // Pixel readonly Point:Y
 
 Rectangle VAR R1
 Rectangle VAR R2
 IMMEDIATE VOID OPERATOR Rectangle
  TtfwValueTypes
  Ctx:IncludeValueTypes
 ; // IMMEDIATE VOID OPERATOR Rectangle
 
 Rectangle constructor Rectangle::
  ^ IN _aBottomRight
  ^ IN _aTopLeft
  IMMEDIATE VOID OPERATOR aBottomRight
   'Point'
   '_aBottomRight'
   MangledNamePusher
  ; // IMMEDIATE VOID OPERATOR aBottomRight
  
  IMMEDIATE VOID OPERATOR aTopLeft
   'Point'
   '_aTopLeft'
   MangledNamePusher
  ; // IMMEDIATE VOID OPERATOR aTopLeft
  
  [
   @
   _:Rectangle
   (
    _aTopLeft |^
   )
   (
    _aBottomRight |^
   )
  ]
  Result
  pop:Word:SetValue
 ; // Rectangle constructor Rectangle::
 
 Point readonly Rectangle:BottomRight
  Rectangle IN Self
  Self
  FieldByOffset
  c:Rectangle:Offset:BottomRight
  Result
  pop:Word:SetValue
 ; // Point readonly Rectangle:BottomRight
 
 ObjectClass readonly Object:class
  Object IN Self
  Self
  FieldByOffset
  c:Object:Offset:VMT
  Result
  pop:Word:SetValue
 ; // ObjectClass readonly Object:class
 
 STRING readonly Object:ClassName
  Object IN Self
  Self
  Object:class
  ObjectClass:Name
  Result
  pop:Word:SetValue
 ; // STRING readonly Object:ClassName
 
 Object constructor Object:new
  [
   @
   _:Object
  ]
  Result
  pop:Word:SetValue
 ; // Object constructor Object:new
 
 REDIFINITION OVERRIDE VOID method Rectangle:Print
  Rectangle IN Self
  Self
  Rectangle:ToPrintable
  Print
 ; // REDIFINITION OVERRIDE VOID method Rectangle:Print
 
 Point readonly Rectangle:TopLeft
  Rectangle IN Self
  Self
  FieldByOffset
  c:Rectangle:Offset:TopLeft
  Result
  pop:Word:SetValue
 ; // Point readonly Rectangle:TopLeft
 
 REDIFINITION OVERRIDE STRING method Rectangle:ToPrintable
  Rectangle IN Self
  [
   '( '
   'TopLeft: '
   Self
   Rectangle:TopLeft
   Point:ToPrintable
   ', BottomRight: '
   Self
   Rectangle:BottomRight
   Point:ToPrintable
   ' )'
  ]
  strings:Cat
  Result
  pop:Word:SetValue
 ; // REDIFINITION OVERRIDE STRING method Rectangle:ToPrintable
 
 PointTest
 DumpElement
 @
 _:Object
 DumpElement
 Point:0
 P1
 pop:Word:SetValue
 Point:0
 P2
 pop:Word:SetValue
 Point::
 1
 1
 P3
 pop:Word:SetValue
 Point:XY
 (
  2
  2
 )
 P4
 pop:Word:SetValue
 Point:OF
 P4
 P5
 pop:Word:SetValue
 (
  P3
  Point:+
  P4
 )
 P6
 pop:Word:SetValue
 (
  P3
  Point:-
  P4
 )
 P7
 pop:Word:SetValue
 (
  P4
  Point:-
  P3
 )
 P8
 pop:Word:SetValue
 (
  P4
  Point:Neg
 )
 P9
 pop:Word:SetValue
 (
  P3
  Point:Neg
 )
 P10
 pop:Word:SetValue
 Point:XY
 (
  -2
  2
 )
 P11
 pop:Word:SetValue
 P1
 O1
 pop:Word:SetValue
 O1
 Object:Print
 [
  P1
  P2
  P3
  P4
  P5
  P6
  P7
  P8
  P9
  P10
  P11
 ]
 l_Points
 pop:Word:SetValue
 l_Points
 (
  Point IN aPt
  aPt
  Point:Print
 )
 SWAP
 Array:Iterate
 l_Points
 (
  Point IN aPt
  aPt
  Point:X
  Print
 )
 SWAP
 Array:Iterate
 l_Points
 (
  Point IN aPt
  aPt
  Point:Y
  Print
 )
 SWAP
 Array:Iterate
 l_Points
 (
  Point IN aPt
  aPt
  Object:class
  Print
 )
 SWAP
 Array:Iterate
 l_Points
 (
  Point IN aPt
  aPt
  Object:ClassName
  Print
 )
 SWAP
 Array:Iterate
 l_Points
 (
  Point IN aPt
  aPt
  Object:class
  .Inherited.Words
  (
   ObjectClass IN aClass
   aClass
   ObjectClass:Name
   Print
  )
  SWAP
  Array:Iterate
 )
 SWAP
 Array:Iterate
 Rectangle::
 P1
 P4
 R1
 pop:Word:SetValue
 Rectangle::
 P6
 P7
 R2
 pop:Word:SetValue
 [
  R1
  R2
 ]
 l_Rectangles
 pop:Word:SetValue
 l_Rectangles
 (
  Rectangle IN aRt
  aRt
  Rectangle:Print
 )
 SWAP
 Array:Iterate
 l_Rectangles
 (
  Rectangle IN aRt
  aRt
  Object:class
  Print
 )
 SWAP
 Array:Iterate
 l_Rectangles
 (
  Rectangle IN aRt
  aRt
  Object:ClassName
  Print
 )
 SWAP
 Array:Iterate
 l_Rectangles
 (
  Rectangle IN aRt
  aRt
  Object:class
  .Inherited.Words
  (
   ObjectClass IN aClass
   aClass
   ObjectClass:Name
   Print
  )
  SWAP
  Array:Iterate
 )
 SWAP
 Array:Iterate
 'Hello '
 (+)
 'world'
 Print
 'Hello '
 (+)
 'world'
 Print
 'Hello '
 (+)
 'world'
 Print
 1
 (+)
 2
 Print
 10
 (+)
 20
 Print
 0
 (-)
 10
 Print
 Neg
 10
 Print
 Neg
 -10
 Print
; // VOID TestWithDump PointTest

class_impl _:Object
 %CONSTRUCTORS %Constructors
  'new'
 ; // %CONSTRUCTORS %Constructors
 
 %FIELDS %Flds
  'VMT'
 ; // %FIELDS %Flds
 
 %METHODS %Methods
  'ToPrintable'
  'Print'
 ; // %METHODS %Methods
 
 %PROPERTIES %Props
  'class'
  'ClassName'
 ; // %PROPERTIES %Props
 
; // class_impl _:Object

Point
( X: 0, Y: 0 )
( X: 0, Y: 0 )
( X: 1, Y: 1 )
( X: 2, Y: 2 )
( X: 2, Y: 2 )
( X: 3, Y: 3 )
( X: -1, Y: -1 )
( X: 1, Y: 1 )
( X: -2, Y: -2 )
( X: -1, Y: -1 )
( X: -2, Y: 2 )
0
0
1
2
2
3
-1
1
-2
-1
-2
0
0
1
2
2
3
-1
1
-2
-1
2
_:Point
_:Point
_:Point
_:Point
_:Point
_:Point
_:Point
_:Point
_:Point
_:Point
_:Point
Point
Point
Point
Point
Point
Point
Point
Point
Point
Point
Point
Object
Object
Object
Object
Object
Object
Object
Object
Object
Object
Object
( TopLeft: ( X: 0, Y: 0 ), BottomRight: ( X: 2, Y: 2 ) )
( TopLeft: ( X: 3, Y: 3 ), BottomRight: ( X: -1, Y: -1 ) )
_:Rectangle
_:Rectangle
Rectangle
Rectangle
Object
Object
Hello world
Hello world
Hello world
3
30
-10
-10
10
