VOID TestWithDump ProcTest
 VOID : _A
 ; // VOID : _A
 
 VOID : _B
 ; // VOID : _B
 
 VOID : _C
 ; // VOID : _C
 
 VOID : _D
 ; // VOID : _D
 
 VOID proc A
  IN aValue
  aValue
  .
 ; // VOID proc A
 
 VOID proc B
  STRING IN aValue
  aValue
  .
 ; // VOID proc B
 
 VOID proc C
  INTEGER STRING IN aValue
  aValue
  .
 ; // VOID proc C
 
 VOID proc D
  INTEGER STRING OBJECT IN aValue
  aValue
  .
 ; // VOID proc D
 
 ProcTest
 DumpElement
 'Hello world'
 A
 'Hello world'
 B
 'Hello world'
 C
 123
 C
 'Hello world'
 D
 123
 D
; // VOID TestWithDump ProcTest

Hello world
Hello world
Hello world
123
Hello world
123
