VOID TestWithDump SaveVarAndDoTest
 VAR A
 VOID PROCEDURE SaveVarAndDo
  ^ IN aFunctor
  ^ IN aVar
  VAR l_OldValue
  aVar
  |N
  Trace
  l_OldValue :=
  (
   aVar |^
  )
  l_OldValue
  Trace
  TRY
   aFunctor |^
  FINALLY
   aVar
   ^:=
   l_OldValue
  END
 ; // VOID PROCEDURE SaveVarAndDo
 
 VOID PROCEDURE Trace
  IN aValue
  aValue
  Print
 ; // VOID PROCEDURE Trace
 
 SaveVarAndDoTest
 DumpElement
 A :=
 '1'
 A
 Trace
 SaveVarAndDo
 A
 (
 )
 A
 Trace
; // VOID TestWithDump SaveVarAndDoTest

1
A
1
1
