i.LULIN-BOOK2     13.08.2015 23:03:26:673   [Stack #  0] :
i.LULIN-BOOK2     13.08.2015 23:03:28:435   [Stack #  0] :
i.LULIN-BOOK2     13.08.2015 23:03:30:231 Script failed: StackChecking1.ms.script
i.LULIN-BOOK2     13.08.2015 23:03:30:231   [Stack #  0] ASSERTS
i.LULIN-BOOK2     13.08.2015 23:03:30:231   [Stack #  1] OPERATOR анти-тест (Line 725, kwMain.script)
i.LULIN-BOOK2     13.08.2015 23:03:30:231   [Stack #  2] анти-тест (Line 5, StackChecking1.ms.script)
i.LULIN-BOOK2     13.08.2015 23:03:30:231   [Stack #  3] (StackChecking1.ms.script)
i.LULIN-BOOK2     13.08.2015 23:03:30:452 Script failed: StackChecking2.ms.script
i.LULIN-BOOK2     13.08.2015 23:03:30:452   [Stack #  0] ASSERTS
i.LULIN-BOOK2     13.08.2015 23:03:30:452   [Stack #  1] OPERATOR анти-тест (Line 725, kwMain.script)
i.LULIN-BOOK2     13.08.2015 23:03:30:452   [Stack #  2] анти-тест (Line 5, StackChecking2.ms.script)
i.LULIN-BOOK2     13.08.2015 23:03:30:452   [Stack #  3] (StackChecking2.ms.script)
i.LULIN-BOOK2     13.08.2015 23:03:30:673 Script failed: StackChecking3.ms.script
i.LULIN-BOOK2     13.08.2015 23:03:30:673   [Stack #  0] ASSERTS
i.LULIN-BOOK2     13.08.2015 23:03:30:673   [Stack #  1] OPERATOR анти-тест (Line 725, kwMain.script)
i.LULIN-BOOK2     13.08.2015 23:03:30:673   [Stack #  2] анти-тест (Line 5, StackChecking3.ms.script)
i.LULIN-BOOK2     13.08.2015 23:03:30:673   [Stack #  3] (StackChecking3.ms.script)
i.LULIN-BOOK2     13.08.2015 23:03:30:892 Script failed: StackChecking4.ms.script
i.LULIN-BOOK2     13.08.2015 23:03:30:892   [Stack #  0] ASSERTS
i.LULIN-BOOK2     13.08.2015 23:03:30:892   [Stack #  1] OPERATOR анти-тест (Line 725, kwMain.script)
i.LULIN-BOOK2     13.08.2015 23:03:30:892   [Stack #  2] анти-тест (Line 5, StackChecking4.ms.script)
i.LULIN-BOOK2     13.08.2015 23:03:30:892   [Stack #  3] (StackChecking4.ms.script)
i.LULIN-BOOK2     13.08.2015 23:03:31:148   [Stack #  0] :
i.LULIN-BOOK2     13.08.2015 23:03:31:148   [Stack #  1] USES
i.LULIN-BOOK2     13.08.2015 23:03:31:377   [Stack #  0] :
i.LULIN-BOOK2     13.08.2015 23:03:31:377   [Stack #  1] USES
