Попали в инициализацию A
1024
10
10
10
1024
10
1024
10
10
10
10
10
VOID Test Immediate
 VAR A
 IMMEDIATE VOID OPERATOR initialization
  ^ IN aCode
  aCode
  Ctx:Engine
  pop:ScriptEngine:AddInitialization
 ; // IMMEDIATE VOID OPERATOR initialization
 
 : TryVar1
  TryVarPrint
 ; // : TryVar1
 
 : TryVar2
  1024
  A
  pop:Word:SetValue
  TryVarPrint
 ; // : TryVar2
 
 : TryVarPrint
  A
  .
  10
  A
  pop:Word:SetValue
  A
  .
 ; // : TryVarPrint
 
 TryVar1
 TryVar1
 TryVar2
 TryVar2
 TryVar1
 TryVar1
 Immediate
 DumpElement
; // VOID Test Immediate

