VOID Test InheritsTest
 IMMEDIATE OPERATOR __CompileCodeAndFree
  TtfwWord IN aCode
  if
   (
    aCode
    IS
    class::TkwBeginLikeCompiledCode
   )
  then
   (
    aCode
    pop:Word:CodeIterator
    CompileRef
    SWAP
    Array:Iterate
   )
  else
   (
    aCode
    CompileRef
   )
  aCode
  pop:Word:DecRef
 ; // IMMEDIATE OPERATOR __CompileCodeAndFree
 
 : A
 ; // : A
 
 : B
 ; // : B
 
 : C
  Inherits %G
   A
   B
  ; // Inherits %G
  
 ; // : C
 
 : D
  Inherits %G
   A
  ; // Inherits %G
  
  Implements %R
   I1
   I2
  ; // Implements %R
  
 ; // : D
 
 : E
  Inherits %G
   A
  ; // Inherits %G
  
  Implements %R
   I1
  ; // Implements %R
  
 ; // : E
 
 : I1
 ; // : I1
 
 : I2
 ; // : I2
 
 IMMEDIATE NamedCodeProducer Implements
  ^ IN aCode
  Implements
  Ctx:SetWordProducerForCompiledClass
  '%R'
  Ctx:SetNewWordName
  'axiom:operator'
  Ctx:Parser:PushSymbol
  aCode
  pop:Word:IncRef
  aCode
  '__CompileCodeAndFree'
  Ctx:Parser:PushSymbol
  ';'
  Ctx:Parser:PushSymbol
 ; // IMMEDIATE NamedCodeProducer Implements
 
 IMMEDIATE NamedCodeProducer Inherits
  ^ IN aCode
  Inherits
  Ctx:SetWordProducerForCompiledClass
  '%G'
  Ctx:SetNewWordName
  'axiom:operator'
  Ctx:Parser:PushSymbol
  aCode
  pop:Word:IncRef
  aCode
  '__CompileCodeAndFree'
  Ctx:Parser:PushSymbol
  ';'
  Ctx:Parser:PushSymbol
 ; // IMMEDIATE NamedCodeProducer Inherits
 
 IMMEDIATE VOID OPERATOR NamedCodeProducer
  ^L IN aName
  ^L IN aNewName
  NamedCodeProducer
  Ctx:SetWordProducerForCompiledClass
  [
   'IMMEDIATE axiom:operator'
   aName
   |N
   '^ IN aCode'
   '@SELF Ctx:SetWordProducerForCompiledClass'
   aNewName
   |NS
   'Ctx:SetNewWordName'
   '`axiom:operator` Ctx:Parser:PushSymbol'
   'aCode pop:Word:IncRef'
   'aCode'
   '`__CompileCodeAndFree` Ctx:Parser:PushSymbol'
   '`;` Ctx:Parser:PushSymbol'
   ';'
  ]
  Ctx:Parser:PushArray
 ; // IMMEDIATE VOID OPERATOR NamedCodeProducer
 
 InheritsTest
 DumpElement
; // VOID Test InheritsTest

