10
20
Hello
1024
2048
2048
EtfwRunner
OPERATOR :: (Line 1789, kwMain.script) |=> Не найдено поле: TkwCompiledMain::WithTest::A::B::Z::abs
CreateAndRaise
BEGIN (Line 424, kwMain.script)
if (Line 426, kwMain.script)
OPERATOR private:ERROR (Line 420, kwMain.script)
BEGIN (Line 442, kwMain.script)
? (Line 444, kwMain.script)
OPERATOR ASSURE (Line 438, kwMain.script)
ASSURE (Line 1804, kwMain.script)
OPERATOR :: (Line 1789, kwMain.script)
:: (Line 36, With.ms.script)
TRY (Line 35, With.ms.script)
20
Hello
20
Hello
<void>
<void>
20
Hello
<void>
2048
2048
20
<void>
: WithTest
: A
: B
: C
OPERATOR VAR Y
OPERATOR VAR Z
OPERATOR VAR X
: B
: C
OPERATOR VAR Y
OPERATOR VAR Z
: C
OPERATOR VAR Y
OPERATOR VAR Z
TkwMain TkwCompiledMain
