Неосвобождено объектов: 0
TmsWeakProxyShape Неосвобождено: 0 Максимально распределено: 8
TscriptWordExample2 Неосвобождено: 0 Максимально распределено: 1
TmsProxyShapeClass Неосвобождено: 0 Максимально распределено: 40
TmsUpArrow Неосвобождено: 0 Максимально распределено: 3
TmsRegisteredShapes Неосвобождено: 0 Максимально распределено: 1
TmsMoveIcon Неосвобождено: 0 Максимально распределено: 362
TmsMoveShapeDown Неосвобождено: 0 Максимально распределено: 1
TmsLine Неосвобождено: 0 Максимально распределено: 867
TmsRectangle Неосвобождено: 0 Максимально распределено: 1002
TmsCircle Неосвобождено: 0 Максимально распределено: 999
TmsRightArrow Неосвобождено: 0 Максимально распределено: 2
TmsStringList Неосвобождено: 0 Максимально распределено: 3
TmsCompletedShapeCreator Неосвобождено: 0 Максимально распределено: 2
TmsSpecialDiagonalArrowBoundsCorrector Неосвобождено: 0 Максимально распределено: 4
TmsMoveShapeDownRight Неосвобождено: 0 Максимально распределено: 1
TmsUtilityShapes Неосвобождено: 0 Максимально распределено: 1
TmsShapesList Неосвобождено: 0 Максимально распределено: 23
TkwFindComponent Неосвобождено: 0 Максимально распределено: 1
TmsAssociation Неосвобождено: 0 Максимально распределено: 927
TmsUpLeftArrow Неосвобождено: 0 Максимально распределено: 2
TmsMoveShapeUp Неосвобождено: 0 Максимально распределено: 1
TmsDiagramm Неосвобождено: 0 Максимально распределено: 1000
TmsSVGShape Неосвобождено: 0 Максимально распределено: 920
TmsMoveShapeLeft Неосвобождено: 0 Максимально распределено: 1
TmsDiagramms Неосвобождено: 0 Максимально распределено: 3
TmsConnector Неосвобождено: 0 Максимально распределено: 843
TmsMoveShapeUpLeft Неосвобождено: 0 Максимально распределено: 1
TmsMover Неосвобождено: 0 Максимально распределено: 1
TmsArrowHead Неосвобождено: 0 Максимально распределено: 706
TmsFloatingButtonCircle Неосвобождено: 0 Максимально распределено: 8
TmsPaletteShape Неосвобождено: 0 Максимально распределено: 14
TmsPaletteShapeCreator Неосвобождено: 0 Максимально распределено: 1
TmsActor Неосвобождено: 0 Максимально распределено: 750
TmsNotRegisteredShapes Неосвобождено: 0 Максимально распределено: 1
TmsLineWithArrow Неосвобождено: 0 Максимально распределено: 307
TkwButtonClick Неосвобождено: 0 Максимально распределено: 1
TmsDiagrammsController Неосвобождено: 0 Максимально распределено: 1
TmsMoveShapeDownLeft Неосвобождено: 0 Максимально распределено: 1
TmsUpRightArrow Неосвобождено: 0 Максимально распределено: 2
TmsScalingShape Неосвобождено: 0 Максимально распределено: 2
TmsTriangleDirectionRight Неосвобождено: 0 Максимально распределено: 761
TmsMoveShapeUpRight Неосвобождено: 0 Максимально распределено: 1
TmsShapesGroup Неосвобождено: 0 Максимально распределено: 22
TmsDownLeftArrow Неосвобождено: 0 Максимально распределено: 2
TmsShapeCreator Неосвобождено: 0 Максимально распределено: 2
TmsLeftArrow Неосвобождено: 0 Максимально распределено: 2
TmsShapeClass Неосвобождено: 0 Максимально распределено: 68
TmsDownRightArrow Неосвобождено: 0 Максимально распределено: 2
TmsTextShape Неосвобождено: 0 Максимально распределено: 374
TmsDownArrow Неосвобождено: 0 Максимально распределено: 3
TmsShapesForToolbar Неосвобождено: 0 Максимально распределено: 1
TmsDiagrammsHolder Неосвобождено: 0 Максимально распределено: 1
TmsMoveShapeRight Неосвобождено: 0 Максимально распределено: 1
TscriptWordExample1 Неосвобождено: 0 Максимально распределено: 1
TtestInstance Неосвобождено: 0 Максимально распределено: 1
TmsTriangle Неосвобождено: 0 Максимально распределено: 436
