i.LULIN-BOOK2     11.08.2015 02:43:27:425   [Stack #  0] (
i.LULIN-BOOK2     11.08.2015 02:43:27:425   [Stack #  1] OPERATOR :=
i.LULIN-BOOK2     11.08.2015 02:43:27:425   [Stack #  2] :
i.LULIN-BOOK2     11.08.2015 02:43:27:425   [Stack #  3] :
i.LULIN-BOOK2     11.08.2015 02:43:27:425   [Stack #  4] :
i.LULIN-BOOK2     11.08.2015 02:44:32:770 Script failed: Test104.ms.script
i.LULIN-BOOK2     11.08.2015 02:44:32:770   [Stack #  0] File:OpenRead
i.LULIN-BOOK2     11.08.2015 02:44:32:770   [Stack #  1] ( (Line 15, Test104.ms.script)
i.LULIN-BOOK2     11.08.2015 02:44:32:770   [Stack #  2] DO
i.LULIN-BOOK2     11.08.2015 02:44:32:770   [Stack #  3] OPERATOR := (Line 449, kwMain.script)
i.LULIN-BOOK2     11.08.2015 02:44:32:770   [Stack #  4] := (Line 15, Test104.ms.script)
i.LULIN-BOOK2     11.08.2015 02:44:32:770   [Stack #  5] : DoFile (Line 11, Test104.ms.script)
i.LULIN-BOOK2     11.08.2015 02:44:32:770   [Stack #  6] ProcessFilesWithMask
i.LULIN-BOOK2     11.08.2015 02:44:32:770   [Stack #  7] : DoDir (Line 8, Test104.ms.script)
i.LULIN-BOOK2     11.08.2015 02:44:32:770   [Stack #  8] : (Line 28, Test104.ms.script)
i.LULIN-BOOK2     11.08.2015 02:44:32:770   [Stack #  9] : ProcessItem
i.LULIN-BOOK2     11.08.2015 02:44:32:770   [Stack # 10] ProcessSubDirs
i.LULIN-BOOK2     11.08.2015 02:44:32:770   [Stack # 11] : (Line 3, Test104.ms.script)
i.LULIN-BOOK2     11.08.2015 02:44:32:770   [Stack # 12] : Process
i.LULIN-BOOK2     11.08.2015 02:44:32:770   [Stack # 13] (Test104.ms.script)
i.LULIN-BOOK2     11.08.2015 02:48:48:153 Script failed: Test104.ms.script
i.LULIN-BOOK2     11.08.2015 02:48:48:153   [Stack #  0] File:OpenRead
i.LULIN-BOOK2     11.08.2015 02:48:48:153   [Stack #  1] ( (Line 15, Test104.ms.script)
i.LULIN-BOOK2     11.08.2015 02:48:48:153   [Stack #  2] DO
i.LULIN-BOOK2     11.08.2015 02:48:48:153   [Stack #  3] OPERATOR := (Line 449, kwMain.script)
i.LULIN-BOOK2     11.08.2015 02:48:48:153   [Stack #  4] := (Line 15, Test104.ms.script)
i.LULIN-BOOK2     11.08.2015 02:48:48:153   [Stack #  5] : DoFile (Line 11, Test104.ms.script)
i.LULIN-BOOK2     11.08.2015 02:48:48:153   [Stack #  6] ProcessFilesWithMask
i.LULIN-BOOK2     11.08.2015 02:48:48:153   [Stack #  7] : DoDir (Line 8, Test104.ms.script)
i.LULIN-BOOK2     11.08.2015 02:48:48:153   [Stack #  8] : (Line 28, Test104.ms.script)
i.LULIN-BOOK2     11.08.2015 02:48:48:153   [Stack #  9] : ProcessItem
i.LULIN-BOOK2     11.08.2015 02:48:48:153   [Stack # 10] ProcessSubDirs
i.LULIN-BOOK2     11.08.2015 02:48:48:153   [Stack # 11] : (Line 3, Test104.ms.script)
i.LULIN-BOOK2     11.08.2015 02:48:48:153   [Stack # 12] : Process
i.LULIN-BOOK2     11.08.2015 02:48:48:153   [Stack # 13] (Test104.ms.script)
