Enter: TscriptStringWord Key: Строковое значение: "Button1"
  push script_vtString: Button1 stack size: 1
Leave: TscriptStringWord Key: Строковое значение: "Button1"
Enter: TkwFindComponent Key: FindComponent
  pop script_vtString: Button1 stack size: 0
  push script_vtObject: Button1: TButton stack size: 1
Leave: TkwFindComponent Key: FindComponent
Enter: TkwButtonClick Key: ButtonClick
  pop script_vtObject: Button1: TButton stack size: 0
Leave: TkwButtonClick Key: ButtonClick
Enter: TscriptWordExample1 Key: DoNothing: Example 1
Leave: TscriptWordExample1 Key: DoNothing: Example 1
Enter: TscriptUnknownToken Key: Неизвестный токен: "DoNothing1"
Leave: TscriptUnknownToken Key: Неизвестный токен: "DoNothing1"
Enter: TscriptWordExample2 Key: DoNothing2: Example 2
Leave: TscriptWordExample2 Key: DoNothing2: Example 2
Enter: TscriptUnknownToken Key: Неизвестный токен: "DoNothing3"
Leave: TscriptUnknownToken Key: Неизвестный токен: "DoNothing3"
Enter: TscriptUnknownToken Key: Неизвестный токен: "DoNothing4"
Leave: TscriptUnknownToken Key: Неизвестный токен: "DoNothing4"
Enter: TscriptUnknownToken Key: Неизвестный токен: "DoNothing5"
Leave: TscriptUnknownToken Key: Неизвестный токен: "DoNothing5"
Enter: TscriptUnknownToken Key: Неизвестный токен: "DoNothing6"
Leave: TscriptUnknownToken Key: Неизвестный токен: "DoNothing6"
Enter: TscriptStringWord Key: Строковое значение: ""
  push script_vtString:  stack size: 1
Leave: TscriptStringWord Key: Строковое значение: ""
Enter: TscriptUnknownToken Key: Неизвестный токен: "DoNothing7"
Leave: TscriptUnknownToken Key: Неизвестный токен: "DoNothing7"
Enter: TscriptUnknownToken Key: Неизвестный токен: "DoNothing8"
Leave: TscriptUnknownToken Key: Неизвестный токен: "DoNothing8"
Enter: TscriptUnknownToken Key: Неизвестный токен: "DoNothing9"
Leave: TscriptUnknownToken Key: Неизвестный токен: "DoNothing9"
Enter: TscriptUnknownToken Key: Неизвестный токен: "DoNothing10"
Leave: TscriptUnknownToken Key: Неизвестный токен: "DoNothing10"
Enter: TscriptUnknownToken Key: Неизвестный токен: "DoNothing11"
Leave: TscriptUnknownToken Key: Неизвестный токен: "DoNothing11"
Enter: TscriptUnknownToken Key: Неизвестный токен: "DoNothing12"
Leave: TscriptUnknownToken Key: Неизвестный токен: "DoNothing12"
Enter: TscriptUnknownToken Key: Неизвестный токен: "DoNothing13"
Leave: TscriptUnknownToken Key: Неизвестный токен: "DoNothing13"
Enter: TscriptUnknownToken Key: Неизвестный токен: "DoNothing14"
Leave: TscriptUnknownToken Key: Неизвестный токен: "DoNothing14"
Enter: TscriptStringWord Key: Строковое значение: "aString1"
  push script_vtString: aString1 stack size: 2
Leave: TscriptStringWord Key: Строковое значение: "aString1"
Enter: TscriptStringWord Key: Строковое значение: "aString2 with spaces"
  push script_vtString: aString2 with spaces stack size: 3
Leave: TscriptStringWord Key: Строковое значение: "aString2 with spaces"
Enter: TscriptStringWord Key: Строковое значение: ""
  push script_vtString:  stack size: 4
Leave: TscriptStringWord Key: Строковое значение: ""
