i.LULIN-BOOK2     12.08.2015 23:19:35:676   [Stack #  0] USES
i.LULIN-BOOK2     12.08.2015 23:19:36:063   [Stack #  0] USES
i.LULIN-BOOK2     12.08.2015 23:19:36:279   [Stack #  0] USES
i.LULIN-BOOK2     12.08.2015 23:19:36:758 Script failed: Cardinal.ms.script
i.LULIN-BOOK2     12.08.2015 23:19:36:758   [Stack #  0] ASSERTS
i.LULIN-BOOK2     12.08.2015 23:19:36:758   [Stack #  1] OPERATOR "Выполнить подавив исключение" (Line 716, kwMain.script)
i.LULIN-BOOK2     12.08.2015 23:19:36:758   [Stack #  2] "Выполнить подавив исключение" (Line 7, Cardinal.ms.script)
i.LULIN-BOOK2     12.08.2015 23:19:36:758   [Stack #  3] : CardinalTest (Line 1, Cardinal.ms.script)
i.LULIN-BOOK2     12.08.2015 23:19:36:758   [Stack #  4] (Cardinal.ms.script)
i.LULIN-BOOK2     12.08.2015 23:19:38:742   [Stack #  0] OPERATOR
i.LULIN-BOOK2     12.08.2015 23:19:41:945 Script failed: error.ms.script
i.LULIN-BOOK2     12.08.2015 23:19:41:945   [Stack #  0] ASSERTS
i.LULIN-BOOK2     12.08.2015 23:19:41:945   [Stack #  1] OPERATOR "Выполнить подавив исключение" (Line 716, kwMain.script)
i.LULIN-BOOK2     12.08.2015 23:19:41:945   [Stack #  2] "Выполнить подавив исключение" (Line 3, error.ms.script)
i.LULIN-BOOK2     12.08.2015 23:19:41:945   [Stack #  3] Test TestError (Line 1, error.ms.script)
i.LULIN-BOOK2     12.08.2015 23:19:41:945   [Stack #  4] (error.ms.script)
i.LULIN-BOOK2     12.08.2015 23:19:47:048   [Stack #  0] INCLUDE
i.LULIN-BOOK2     12.08.2015 23:19:47:600 Script failed: IntToStr.ms.script
i.LULIN-BOOK2     12.08.2015 23:19:47:601   [Stack #  0] ASSERTS
i.LULIN-BOOK2     12.08.2015 23:19:47:601   [Stack #  1] OPERATOR "Выполнить подавив исключение" (Line 716, kwMain.script)
i.LULIN-BOOK2     12.08.2015 23:19:47:601   [Stack #  2] "Выполнить подавив исключение" (Line 8, IntToStr.ms.script)
i.LULIN-BOOK2     12.08.2015 23:19:47:601   [Stack #  3] (IntToStr.ms.script)
i.LULIN-BOOK2     12.08.2015 23:19:48:456   [Stack #  0] USES
i.LULIN-BOOK2     12.08.2015 23:19:58:314 Script failed: StackChecking1.ms.script
i.LULIN-BOOK2     12.08.2015 23:19:58:314   [Stack #  0] ASSERTS
i.LULIN-BOOK2     12.08.2015 23:19:58:314   [Stack #  1] OPERATOR анти-тест (Line 704, kwMain.script)
i.LULIN-BOOK2     12.08.2015 23:19:58:314   [Stack #  2] анти-тест (Line 5, StackChecking1.ms.script)
i.LULIN-BOOK2     12.08.2015 23:19:58:314   [Stack #  3] (StackChecking1.ms.script)
i.LULIN-BOOK2     12.08.2015 23:19:58:532 Script failed: StackChecking2.ms.script
i.LULIN-BOOK2     12.08.2015 23:19:58:532   [Stack #  0] ASSERTS
i.LULIN-BOOK2     12.08.2015 23:19:58:532   [Stack #  1] OPERATOR анти-тест (Line 704, kwMain.script)
i.LULIN-BOOK2     12.08.2015 23:19:58:532   [Stack #  2] анти-тест (Line 5, StackChecking2.ms.script)
i.LULIN-BOOK2     12.08.2015 23:19:58:532   [Stack #  3] (StackChecking2.ms.script)
i.LULIN-BOOK2     12.08.2015 23:19:58:750 Script failed: StackChecking3.ms.script
i.LULIN-BOOK2     12.08.2015 23:19:58:751   [Stack #  0] ASSERTS
i.LULIN-BOOK2     12.08.2015 23:19:58:751   [Stack #  1] OPERATOR анти-тест (Line 704, kwMain.script)
i.LULIN-BOOK2     12.08.2015 23:19:58:751   [Stack #  2] анти-тест (Line 5, StackChecking3.ms.script)
i.LULIN-BOOK2     12.08.2015 23:19:58:751   [Stack #  3] (StackChecking3.ms.script)
i.LULIN-BOOK2     12.08.2015 23:19:58:963 Script failed: StackChecking4.ms.script
i.LULIN-BOOK2     12.08.2015 23:19:58:963   [Stack #  0] ASSERTS
i.LULIN-BOOK2     12.08.2015 23:19:58:963   [Stack #  1] OPERATOR анти-тест (Line 704, kwMain.script)
i.LULIN-BOOK2     12.08.2015 23:19:58:963   [Stack #  2] анти-тест (Line 5, StackChecking4.ms.script)
i.LULIN-BOOK2     12.08.2015 23:19:58:963   [Stack #  3] (StackChecking4.ms.script)
i.LULIN-BOOK2     12.08.2015 23:20:04:578 Script failed: StrToInt.ms.script
i.LULIN-BOOK2     12.08.2015 23:20:04:578   [Stack #  0] ASSERTS
i.LULIN-BOOK2     12.08.2015 23:20:04:578   [Stack #  1] OPERATOR "Выполнить подавив исключение" (Line 716, kwMain.script)
i.LULIN-BOOK2     12.08.2015 23:20:04:578   [Stack #  2] "Выполнить подавив исключение" (Line 9, StrToInt.ms.script)
i.LULIN-BOOK2     12.08.2015 23:20:04:578   [Stack #  3] (StrToInt.ms.script)
i.LULIN-BOOK2     12.08.2015 23:20:05:462   [Stack #  0] USES
i.LULIN-BOOK2     12.08.2015 23:20:05:680   [Stack #  0] USES
i.LULIN-BOOK2     12.08.2015 23:20:07:605 Script failed: With.ms.script
i.LULIN-BOOK2     12.08.2015 23:20:07:605   [Stack #  0] ASSERTS
i.LULIN-BOOK2     12.08.2015 23:20:07:606   [Stack #  1] OPERATOR "Выполнить подавив исключение" (Line 716, kwMain.script)
i.LULIN-BOOK2     12.08.2015 23:20:07:606   [Stack #  2] "Выполнить подавив исключение" (Line 34, With.ms.script)
i.LULIN-BOOK2     12.08.2015 23:20:07:606   [Stack #  3] : WithTest (Line 1, With.ms.script)
i.LULIN-BOOK2     12.08.2015 23:20:07:606   [Stack #  4] (With.ms.script)
