A
B
TkwGlobalVar
2
TkwCompiledProcedure
TkwCompiledProcedure
TkwCompiledProcedure
TkwCompiledProcedure
A
B
TkwGlobalVar
2
TkwCompiledProcedure
TkwCompiledProcedure
TkwCompiledProcedure
TkwCompiledProcedure
TkwCompiledProcedure
TkwCompiledProcedure
TkwCompiledProcedure
TkwCompiledProcedure
TkwCompiledProcedure
A
B
TkwCompiledProcedure
TkwCompiledProcedure
TkwCompiledProcedure
TkwCompiledProcedure
TkwCompiledProcedure
VOID OPERATOR Test NamedAutolinkProducerTest
IMMEDIATE VOID OPERATOR NamedAutolinkProducer %TARGET
^ OPERATOR IN aCode
IMMEDIATE VOID CALLER OPERATOR %UID
^L OPERATOR IN anUID
TtfwWord OPERATOR IN Caller
OPERATOR VAR l_S
OPERATOR VAR l_VAR
: A
OPERATOR VAR 2
OPERATOR VAR %U
: B
OPERATOR VAR 2
OPERATOR VAR %U
IMMEDIATE VOID OPERATOR U$
^L OPERATOR IN anUID
OPERATOR VAR l_S
TkwMain TkwCompiledMain
